CRITICAL - 2023-09-17 11:01:02 --> Invalid file: "front/login.php"
in SYSTEMPATH\Exceptions\FrameworkException.php on line 33.
 1 SYSTEMPATH\View\View.php(212): CodeIgniter\Exceptions\FrameworkException::forInvalidFile('front/login.php')
 2 SYSTEMPATH\Common.php(1176): CodeIgniter\View\View->render('front/login', [], true)
 3 APPPATH\Controllers\Home.php(57): view('front/login')
 4 SYSTEMPATH\CodeIgniter.php(932): App\Controllers\Home->login()
 5 SYSTEMPATH\CodeIgniter.php(497): CodeIgniter\CodeIgniter->runController(Object(App\Controllers\Home))
 6 SYSTEMPATH\CodeIgniter.php(366): CodeIgniter\CodeIgniter->handleRequest(null, Object(Config\Cache), false)
 7 FCPATH\index.php(67): CodeIgniter\CodeIgniter->run()
CRITICAL - 2023-09-17 11:02:01 --> Invalid file: "front/login.php"
in SYSTEMPATH\Exceptions\FrameworkException.php on line 33.
 1 SYSTEMPATH\View\View.php(212): CodeIgniter\Exceptions\FrameworkException::forInvalidFile('front/login.php')
 2 SYSTEMPATH\Common.php(1176): CodeIgniter\View\View->render('front/login', [], true)
 3 APPPATH\Controllers\Home.php(57): view('front/login')
 4 SYSTEMPATH\CodeIgniter.php(932): App\Controllers\Home->login()
 5 SYSTEMPATH\CodeIgniter.php(497): CodeIgniter\CodeIgniter->runController(Object(App\Controllers\Home))
 6 SYSTEMPATH\CodeIgniter.php(366): CodeIgniter\CodeIgniter->handleRequest(null, Object(Config\Cache), false)
 7 FCPATH\index.php(67): CodeIgniter\CodeIgniter->run()
CRITICAL - 2023-09-17 11:07:19 --> Undefined variable $data
in APPPATH\Controllers\Usuario_controller.php on line 28.
 1 APPPATH\Controllers\Usuario_controller.php(28): CodeIgniter\Debug\Exceptions->errorHandler(2, 'Undefined variable $data', 'C:\\xampp\\htdocs\\primer_proyecto_talentos-main\\app\\Controllers\\Usuario_controller.php', 28)
 2 SYSTEMPATH\CodeIgniter.php(932): App\Controllers\Usuario_controller->formValidation()
 3 SYSTEMPATH\CodeIgniter.php(497): CodeIgniter\CodeIgniter->runController(Object(App\Controllers\Usuario_controller))
 4 SYSTEMPATH\CodeIgniter.php(366): CodeIgniter\CodeIgniter->handleRequest(null, Object(Config\Cache), false)
 5 FCPATH\index.php(67): CodeIgniter\CodeIgniter->run()
CRITICAL - 2023-09-17 11:26:14 --> Invalid file: "back/panel.php"
in SYSTEMPATH\Exceptions\FrameworkException.php on line 33.
 1 SYSTEMPATH\View\View.php(212): CodeIgniter\Exceptions\FrameworkException::forInvalidFile('back/panel.php')
 2 SYSTEMPATH\Common.php(1176): CodeIgniter\View\View->render('back/panel', [], true)
 3 APPPATH\Controllers\Panel_controller.php(15): view('back/panel')
 4 SYSTEMPATH\CodeIgniter.php(932): App\Controllers\Panel_controller->index()
 5 SYSTEMPATH\CodeIgniter.php(497): CodeIgniter\CodeIgniter->runController(Object(App\Controllers\Panel_controller))
 6 SYSTEMPATH\CodeIgniter.php(366): CodeIgniter\CodeIgniter->handleRequest(null, Object(Config\Cache), false)
 7 FCPATH\index.php(67): CodeIgniter\CodeIgniter->run()
CRITICAL - 2023-09-17 18:53:45 --> Invalid file: "back/panel.php"
in SYSTEMPATH\Exceptions\FrameworkException.php on line 33.
 1 SYSTEMPATH\View\View.php(212): CodeIgniter\Exceptions\FrameworkException::forInvalidFile('back/panel.php')
 2 SYSTEMPATH\Common.php(1176): CodeIgniter\View\View->render('back/panel', [], true)
 3 APPPATH\Controllers\Panel_controller.php(15): view('back/panel')
 4 SYSTEMPATH\CodeIgniter.php(932): App\Controllers\Panel_controller->index()
 5 SYSTEMPATH\CodeIgniter.php(497): CodeIgniter\CodeIgniter->runController(Object(App\Controllers\Panel_controller))
 6 SYSTEMPATH\CodeIgniter.php(366): CodeIgniter\CodeIgniter->handleRequest(null, Object(Config\Cache), false)
 7 FCPATH\index.php(67): CodeIgniter\CodeIgniter->run()
CRITICAL - 2023-09-17 18:54:04 --> Invalid file: "back/panel.php"
in SYSTEMPATH\Exceptions\FrameworkException.php on line 33.
 1 SYSTEMPATH\View\View.php(212): CodeIgniter\Exceptions\FrameworkException::forInvalidFile('back/panel.php')
 2 SYSTEMPATH\Common.php(1176): CodeIgniter\View\View->render('back/panel', [], true)
 3 APPPATH\Controllers\Panel_controller.php(15): view('back/panel')
 4 SYSTEMPATH\CodeIgniter.php(932): App\Controllers\Panel_controller->index()
 5 SYSTEMPATH\CodeIgniter.php(497): CodeIgniter\CodeIgniter->runController(Object(App\Controllers\Panel_controller))
 6 SYSTEMPATH\CodeIgniter.php(366): CodeIgniter\CodeIgniter->handleRequest(null, Object(Config\Cache), false)
 7 FCPATH\index.php(67): CodeIgniter\CodeIgniter->run()
CRITICAL - 2023-09-17 19:04:22 --> Invalid file: "back/panel.php"
in SYSTEMPATH\Exceptions\FrameworkException.php on line 33.
 1 SYSTEMPATH\View\View.php(212): CodeIgniter\Exceptions\FrameworkException::forInvalidFile('back/panel.php')
 2 SYSTEMPATH\Common.php(1176): CodeIgniter\View\View->render('back/panel', [], true)
 3 APPPATH\Controllers\Panel_controller.php(15): view('back/panel')
 4 SYSTEMPATH\CodeIgniter.php(932): App\Controllers\Panel_controller->index()
 5 SYSTEMPATH\CodeIgniter.php(497): CodeIgniter\CodeIgniter->runController(Object(App\Controllers\Panel_controller))
 6 SYSTEMPATH\CodeIgniter.php(366): CodeIgniter\CodeIgniter->handleRequest(null, Object(Config\Cache), false)
 7 FCPATH\index.php(67): CodeIgniter\CodeIgniter->run()
CRITICAL - 2023-09-17 19:04:31 --> Invalid file: "back/panel.php"
in SYSTEMPATH\Exceptions\FrameworkException.php on line 33.
 1 SYSTEMPATH\View\View.php(212): CodeIgniter\Exceptions\FrameworkException::forInvalidFile('back/panel.php')
 2 SYSTEMPATH\Common.php(1176): CodeIgniter\View\View->render('back/panel', [], true)
 3 APPPATH\Controllers\Panel_controller.php(15): view('back/panel')
 4 SYSTEMPATH\CodeIgniter.php(932): App\Controllers\Panel_controller->index()
 5 SYSTEMPATH\CodeIgniter.php(497): CodeIgniter\CodeIgniter->runController(Object(App\Controllers\Panel_controller))
 6 SYSTEMPATH\CodeIgniter.php(366): CodeIgniter\CodeIgniter->handleRequest(null, Object(Config\Cache), false)
 7 FCPATH\index.php(67): CodeIgniter\CodeIgniter->run()
CRITICAL - 2023-09-17 19:33:39 --> Undefined constant "esle"
in APPPATH\Views\front\navBar_view.php on line 65.
 1 SYSTEMPATH\View\View.php(224): include()
 2 SYSTEMPATH\View\View.php(227): CodeIgniter\View\View->CodeIgniter\View\{closure}()
 3 SYSTEMPATH\Common.php(1176): CodeIgniter\View\View->render('front/navbar_view', [], true)
 4 APPPATH\Controllers\Panel_controller.php(14): view('front/navbar_view')
 5 SYSTEMPATH\CodeIgniter.php(932): App\Controllers\Panel_controller->index()
 6 SYSTEMPATH\CodeIgniter.php(497): CodeIgniter\CodeIgniter->runController(Object(App\Controllers\Panel_controller))
 7 SYSTEMPATH\CodeIgniter.php(366): CodeIgniter\CodeIgniter->handleRequest(null, Object(Config\Cache), false)
 8 FCPATH\index.php(67): CodeIgniter\CodeIgniter->run()
CRITICAL - 2023-09-17 19:34:02 --> syntax error, unexpected token ";", expecting ":"
in APPPATH\Views\front\navBar_view.php on line 65.
 1 SYSTEMPATH\View\View.php(227): CodeIgniter\View\View->CodeIgniter\View\{closure}()
 2 SYSTEMPATH\Common.php(1176): CodeIgniter\View\View->render('front/navbar_view', [], true)
 3 APPPATH\Controllers\Panel_controller.php(14): view('front/navbar_view')
 4 SYSTEMPATH\CodeIgniter.php(932): App\Controllers\Panel_controller->index()
 5 SYSTEMPATH\CodeIgniter.php(497): CodeIgniter\CodeIgniter->runController(Object(App\Controllers\Panel_controller))
 6 SYSTEMPATH\CodeIgniter.php(366): CodeIgniter\CodeIgniter->handleRequest(null, Object(Config\Cache), false)
 7 FCPATH\index.php(67): CodeIgniter\CodeIgniter->run()
